【2013-2-13 17:57:28】 启动服务器成功
【2013-2-13 17:57:42】 刘向峰(00001)登录成功!
【2013-2-13 17:57:42】 刘向峰(00001)上线了!
【2013-2-13 17:57:53】 陆小凤(00002)登录成功!
【2013-2-13 17:57:53】 陆小凤(00002)上线了!
【2013-2-13 17:58:4】 陆小凤(陆小凤)已强制下线
【2013-2-13 17:58:15】 刘向峰(00001)下线了!
【2013-2-13 17:58:18】 关闭服务器成功
【2013-2-13 18:4:14】 启动服务器成功
【2013-2-13 18:4:31】 刘向峰(00001)登录成功!
【2013-2-13 18:4:31】 刘向峰(00001)上线了!
【2013-2-13 18:5:2】 陆小凤(00002)登录成功!
【2013-2-13 18:5:2】 陆小凤(00002)上线了!
【2013-2-13 18:18:41】 陆小凤(00002)下线了!
【2013-2-13 18:18:45】 刘向峰(00001)下线了!
【2013-2-13 18:19:4】 启动服务器成功
【2013-2-13 18:19:18】 刘向峰(00001)登录成功!
【2013-2-13 18:19:18】 刘向峰(00001)上线了!
【2013-2-13 18:19:26】 陆小凤(00002)登录成功!
【2013-2-13 18:19:26】 陆小凤(00002)上线了!
【2013-2-13 18:21:46】 路西法(00003)登录成功!
【2013-2-13 18:21:46】 路西法(00003)上线了!
【2013-2-13 18:41:50】 路西法(00003)下线了!
【2013-2-13 18:41:53】 陆小凤(00002)下线了!
【2013-2-13 18:42:11】 刘向峰(00001)下线了!
【2013-2-13 18:42:30】 关闭服务器成功
【2013-2-13 18:43:2】 启动服务器成功
【2013-2-13 18:43:10】 刘向峰(00001)登录成功!
【2013-2-13 18:43:10】 刘向峰(00001)上线了!
【2013-2-13 18:43:29】 陆小凤(00002)登录成功!
【2013-2-13 18:43:29】 陆小凤(00002)上线了!
【2013-2-13 18:43:57】 刘向峰(00001)下线了!
【2013-2-13 18:44:1】 陆小凤(00002)下线了!
【2013-2-13 18:44:3】 关闭服务器成功
【2013-2-13 18:49:2】 启动服务器成功
【2013-2-13 18:50:22】 启动服务器成功
【18:51:9】 启动服务器成功
【18:51:28】 刘向峰(00001)登录成功!
【18:51:28】 刘向峰(00001)上线了!
【18:51:44】 陆小凤(00002)登录成功!
【18:51:44】 陆小凤(00002)上线了!
【18:56:56】 启动服务器成功
【18:57:25】 路西法(00003)登录成功!
【18:57:25】 路西法(00003)上线了!
【18:57:39】 李晓峰(00004)登录成功!
【18:57:39】 李晓峰(00004)上线了!
【18:57:49】 林旋风(00005)登录成功!
【18:57:49】 林旋风(00005)上线了!
【18:59:50】 林旋风(00005)下线了!
【18:59:52】 李晓峰(00004)下线了!
【18:59:54】 路西法(00003)下线了!
【19:0:53】 关闭服务器成功
【19:1:14】 启动服务器成功
【19:1:30】 刘向峰(00001)登录成功!
【19:1:30】 刘向峰(00001)上线了!
【19:4:32】 刘向峰(00001)下线了!
【19:4:55】 启动服务器成功
【19:5:18】 刘向峰(00001)登录成功!
【19:5:18】 刘向峰(00001)上线了!
【19:6:24】 路西法(00003)登录成功!
【19:6:24】 路西法(00003)上线了!
【19:6:44】 路西法(00003)登录失败!
【19:6:55】 路西法(00003)已强制下线!
【19:6:58】 路西法(00003)登录成功!
【19:6:58】 路西法(00003)上线了!
【19:7:12】 关闭服务器成功
【19:8:21】 启动服务器成功
【19:8:22】 关闭服务器成功
【19:8:24】 启动服务器成功
【19:8:25】 关闭服务器成功
【19:12:11】 启动服务器成功
【19:12:11】 关闭服务器成功
【19:12:13】 启动服务器成功
【19:12:13】 关闭服务器成功
【19:12:13】 启动服务器成功
【19:12:15】 关闭服务器成功
【19:12:15】 启动服务器成功
【19:12:16】 关闭服务器成功
【19:19:32】 启动服务器成功
【19:19:32】 关闭服务器成功
【19:19:33】 启动服务器成功
【19:19:33】 关闭服务器成功
【19:19:34】 启动服务器成功
【19:19:35】 关闭服务器成功
【19:19:35】 启动服务器成功
【19:19:36】 关闭服务器成功
【19:19:36】 启动服务器成功
【19:19:37】 关闭服务器成功
【19:19:38】 启动服务器成功
【19:19:38】 关闭服务器成功
【19:19:39】 启动服务器成功
【19:19:39】 关闭服务器成功
【19:19:40】 启动服务器成功
【19:19:40】 关闭服务器成功
【19:19:41】 启动服务器成功
【19:19:41】 关闭服务器成功
【19:19:42】 启动服务器成功
【19:19:42】 关闭服务器成功
【19:19:43】 启动服务器成功
【19:19:43】 关闭服务器成功
【19:19:44】 启动服务器成功
【19:19:44】 关闭服务器成功
【19:19:45】 启动服务器成功
【19:19:45】 关闭服务器成功
【19:19:46】 启动服务器成功
【19:19:46】 关闭服务器成功
【19:19:47】 启动服务器成功
【19:19:47】 关闭服务器成功
【19:19:47】 启动服务器成功
【19:19:48】 关闭服务器成功
【19:19:48】 启动服务器成功
【19:19:49】 关闭服务器成功
【19:19:49】 启动服务器成功
【19:19:50】 关闭服务器成功
【19:19:50】 启动服务器成功
【19:19:51】 关闭服务器成功
【19:19:51】 启动服务器成功
【19:19:52】 关闭服务器成功
【19:19:52】 启动服务器成功
【19:23:54】 关闭服务器成功
【19:24:0】 启动服务器成功
【19:25:17】 启动服务器成功
【19:26:17】 关闭服务器成功
【19:26:18】 启动服务器成功
【19:27:21】 启动服务器成功
【19:27:32】 刘向峰(00001)登录成功!
【19:27:32】 刘向峰(00001)上线了!
【19:34:27】 陆小凤(00002)登录成功!
【19:34:27】 陆小凤(00002)上线了!
【19:36:51】 刘向峰(00001)登录失败!
【19:36:56】 李晓峰(00004)登录成功!
【19:36:56】 李晓峰(00004)上线了!
【19:37:35】 林旋风(00005)登录成功!
【19:37:35】 林旋风(00005)上线了!
【19:38:6】 路西法(00003)登录成功!
【19:38:6】 路西法(00003)上线了!
【19:38:45】 路西法(00003)下线了!
【19:39:2】 路西法(00003)登录成功!
【19:39:2】 路西法(00003)上线了!
【19:42:50】 路西法(00003)下线了!
【19:42:57】 路西法(00003)登录成功!
【19:42:57】 路西法(00003)上线了!
【19:45:11】 倒萨(00006)登录成功!
【19:45:11】 倒萨(00006)上线了!
【19:45:20】 阿斯顿(00007)登录成功!
【19:45:20】 阿斯顿(00007)上线了!
【19:45:28】 松岛枫(00008)登录成功!
【19:45:28】 松岛枫(00008)上线了!
【19:45:35】 松岛枫(00009)登录成功!
【19:45:35】 松岛枫(00009)上线了!
【19:45:45】 萨丁(00010)登录成功!
【19:45:45】 萨丁(00010)上线了!
【19:45:52】 松岛枫(00011)登录成功!
【19:45:52】 松岛枫(00011)上线了!
【19:46:16】 阿达(00012)登录成功!
【19:46:16】 阿达(00012)上线了!
【19:46:25】 倒萨(00013)登录成功!
【19:46:25】 倒萨(00013)上线了!
【19:47:13】 倒萨(00013)下线了!
【19:47:20】 阿达(00012)下线了!
【19:47:23】 松岛枫(00011)下线了!
【22:9:28】 启动服务器成功
【22:9:32】 关闭服务器成功
【22:9:33】 启动服务器成功
【22:9:54】 刘向峰(00001)登录成功!
【22:9:54】 刘向峰(00001)上线了!
【22:13:17】 陆小凤(00002)登录成功!
【22:13:17】 陆小凤(00002)上线了!
【22:14:47】 路西法(00003)登录成功!
【22:14:47】 路西法(00003)上线了!
【22:15:50】 李晓峰(00004)登录成功!
【22:15:50】 李晓峰(00004)上线了!
【22:19:0】 李晓峰(00004)登录失败!
【22:19:5】 林旋风(00005)登录成功!
【22:19:5】 林旋风(00005)上线了!
【22:23:0】 关闭服务器成功
【22:23:1】 启动服务器成功
【22:23:14】 刘向峰(00001)登录成功!
【22:23:14】 刘向峰(00001)上线了!
【22:26:10】 陆小凤(00002)登录成功!
【22:26:10】 陆小凤(00002)上线了!
【22:26:54】 李晓峰(00004)登录成功!
【22:26:54】 李晓峰(00004)上线了!
【22:27:18】 林旋风(00005)登录成功!
【22:27:18】 林旋风(00005)上线了!
【22:28:8】 路西法(00003)登录成功!
【22:28:8】 路西法(00003)上线了!
【22:36:11】 关闭服务器成功
【22:36:11】 启动服务器成功
【22:36:18】 刘向峰(00001)登录成功!
【22:36:18】 刘向峰(00001)上线了!
【22:39:30】 陆小凤(00002)登录成功!
【22:39:30】 陆小凤(00002)上线了!
【22:40:53】 启动服务器成功
【22:41:12】 刘向峰(00001)登录成功!
【22:41:12】 刘向峰(00001)上线了!
【22:42:58】 陆小凤(00002)登录成功!
【22:42:58】 陆小凤(00002)上线了!
【22:43:58】 陆小凤(00002)下线了!
【22:44:8】 刘向峰(00001)下线了!
【22:44:31】 刘向峰(00001)登录成功!
【22:44:31】 刘向峰(00001)上线了!
【22:47:41】 陆小凤(00002)登录成功!
【22:47:41】 陆小凤(00002)上线了!
【22:48:3】 陆小凤(00002)下线了!
【22:51:6】 刘向峰(00001)下线了!
【22:51:15】 刘向峰(00001)登录成功!
【22:51:15】 刘向峰(00001)上线了!
【22:51:43】 刘向峰(00001)下线了!
【22:51:52】 陆小凤(00002)登录成功!
【22:51:52】 陆小凤(00002)上线了!
【22:57:19】 陆小凤(00002)已强制下线!
【22:58:27】 刘向峰(00001)登录成功!
【22:58:27】 刘向峰(00001)上线了!
【22:58:40】 刘向峰(00001)下线了!
【22:59:39】 刘向峰(00001)登录成功!
【22:59:39】 刘向峰(00001)上线了!
【23:1:22】 陆小凤(00002)登录成功!
【23:1:22】 陆小凤(00002)上线了!
【23:3:50】 陆小凤(00002)下线了!
【23:3:56】 刘向峰(00001)下线了!
【23:4:27】 刘向峰(00001)登录成功!
【23:4:27】 刘向峰(00001)上线了!
【23:4:46】 刘向峰(00001)下线了!
【23:6:29】 刘向峰(00001)登录成功!
【23:6:29】 刘向峰(00001)上线了!
【23:7:5】 陆小凤(00002)登录成功!
【23:7:5】 陆小凤(00002)上线了!
【23:8:9】 陆小凤(00002)下线了!
【23:8:21】 刘向峰(00001)下线了!
【23:15:23】 启动服务器成功
【23:16:9】 刘向峰(00001)登录成功!
【23:16:9】 刘向峰(00001)上线了!
【23:19:7】 陆小凤(00002)登录成功!
【23:19:7】 陆小凤(00002)上线了!
【23:19:44】 路西法(00003)登录成功!
【23:19:44】 路西法(00003)上线了!
【23:19:59】 李晓峰(00004)登录成功!
【23:19:59】 李晓峰(00004)上线了!
【23:20:37】 倒萨(00006)登录成功!
【23:20:37】 倒萨(00006)上线了!
【23:20:52】 阿斯顿(00007)登录成功!
【23:20:52】 阿斯顿(00007)上线了!
【23:21:41】 松岛枫(00008)登录成功!
【23:21:41】 松岛枫(00008)上线了!
【23:21:55】 松岛枫(00008)下线了!
【23:22:6】 关闭服务器成功
【23:22:48】 启动服务器成功
【23:22:49】 关闭服务器成功
【23:22:49】 启动服务器成功
【23:22:50】 关闭服务器成功
【23:22:50】 启动服务器成功
【23:22:51】 关闭服务器成功
【23:22:51】 启动服务器成功
【23:22:52】 关闭服务器成功
【23:24:7】 启动服务器成功
【23:24:8】 关闭服务器成功
【23:24:9】 启动服务器成功
【23:24:9】 关闭服务器成功
【23:24:10】 启动服务器成功
【23:24:10】 关闭服务器成功
【23:24:11】 启动服务器成功
【23:24:11】 关闭服务器成功
【23:24:12】 启动服务器成功
【23:24:12】 关闭服务器成功
【23:24:48】 启动服务器成功
【23:25:12】 刘向峰(00001)登录成功!
【23:25:12】 刘向峰(00001)上线了!
【23:28:18】 刘向峰(00001)下线了!
【23:31:43】 刘向峰(00001)登录成功!
【23:31:43】 刘向峰(00001)上线了!
【23:32:7】 刘向峰(00001)下线了!
【23:34:15】 刘向峰(00001)登录成功!
【23:34:15】 刘向峰(00001)上线了!
【23:34:33】 陆小凤(00002)登录成功!
【23:34:33】 陆小凤(00002)上线了!
【23:34:48】 陆小凤(00002)下线了!
【23:34:51】 刘向峰(00001)下线了!
【23:35:1】 关闭服务器成功
【23:35:2】 启动服务器成功
【23:35:3】 关闭服务器成功
【23:35:4】 启动服务器成功
【23:35:4】 关闭服务器成功
【23:35:4】 启动服务器成功
【23:35:5】 关闭服务器成功
【23:59:2】 启动服务器成功
【23:59:56】 刘向峰(00001)登录成功!
【23:59:56】 刘向峰(00001)上线了!
